Using pre-set license
Built from '2021.3/staging' branch; Version is '2021.3.10f1 (1c7d0df0160b) revision 1867021'; Using compiler version '192829333'; Build Type 'Release'
OS: 'Windows 11  (10.0.22621) 64bit Professional' Language: 'en' Physical Memory: 16310 MB
BatchMode: 1, IsHumanControllingUs: 0, StartBugReporterOnCrash: 0, Is64bit: 1, IsPro: 1

COMMAND LINE ARGUMENTS:
C:\Program Files\Unity\Hub\Editor\2021.3.10f1\Editor\Unity.exe
-adb2
-batchMode
-noUpm
-name
AssetImportWorker0
-projectPath
D:/UnityLearn/DeliveryDriver
-logFile
Logs/AssetImportWorker0.log
-srvPort
53415
Successfully changed project path to: D:/UnityLearn/DeliveryDriver
D:/UnityLearn/DeliveryDriver
[UnityMemory] Configuration Parameters - Can be set up in boot.config
    "memorysetup-bucket-allocator-granularity=16"
    "memorysetup-bucket-allocator-bucket-count=8"
    "memorysetup-bucket-allocator-block-size=33554432"
    "memorysetup-bucket-allocator-block-count=8"
    "memorysetup-main-allocator-block-size=16777216"
    "memorysetup-thread-allocator-block-size=16777216"
    "memorysetup-gfx-main-allocator-block-size=16777216"
    "memorysetup-gfx-thread-allocator-block-size=16777216"
    "memorysetup-cache-allocator-block-size=4194304"
    "memorysetup-typetree-allocator-block-size=2097152"
    "memorysetup-profiler-bucket-allocator-granularity=16"
    "memorysetup-profiler-bucket-allocator-bucket-count=8"
    "memorysetup-profiler-bucket-allocator-block-size=33554432"
    "memorysetup-profiler-bucket-allocator-block-count=8"
    "memorysetup-profiler-allocator-block-size=16777216"
    "memorysetup-profiler-editor-allocator-block-size=1048576"
    "memorysetup-temp-allocator-size-main=16777216"
    "memorysetup-job-temp-allocator-block-size=2097152"
    "memorysetup-job-temp-allocator-block-size-background=1048576"
    "memorysetup-job-temp-allocator-reduction-small-platforms=262144"
    "memorysetup-temp-allocator-size-background-worker=32768"
    "memorysetup-temp-allocator-size-job-worker=262144"
    "memorysetup-temp-allocator-size-preload-manager=33554432"
    "memorysetup-temp-allocator-size-nav-mesh-worker=65536"
    "memorysetup-temp-allocator-size-audio-worker=65536"
    "memorysetup-temp-allocator-size-cloud-worker=32768"
    "memorysetup-temp-allocator-size-gi-baking-worker=262144"
    "memorysetup-temp-allocator-size-gfx=262144"
Refreshing native plugins compatible for Editor in 83.58 ms, found 4 plugins.
Preloading 0 native plugins for Editor in 0.00 ms.
Initialize engine version: 2021.3.10f1 (1c7d0df0160b)
[Subsystems] Discovering subsystems at path C:/Program Files/Unity/Hub/Editor/2021.3.10f1/Editor/Data/Resources/UnitySubsystems
[Subsystems] Discovering subsystems at path D:/UnityLearn/DeliveryDriver/Assets
GfxDevice: creating device client; threaded=0; jobified=0
Direct3D:
    Version:  Direct3D 11.0 [level 11.1]
    Renderer: Radeon RX 580 Series (ID=0x67df)
    Vendor:   ATI
    VRAM:     8170 MB
    Driver:   30.0.21023.1015
Initialize mono
Mono path[0] = 'C:/Program Files/Unity/Hub/Editor/2021.3.10f1/Editor/Data/Managed'
Mono path[1] = 'C:/Program Files/Unity/Hub/Editor/2021.3.10f1/Editor/Data/MonoBleedingEdge/lib/mono/unityjit-win32'
Mono config path = 'C:/Program Files/Unity/Hub/Editor/2021.3.10f1/Editor/Data/MonoBleedingEdge/etc'
Using monoOptions --debugger-agent=transport=dt_socket,embedding=1,server=y,suspend=n,address=127.0.0.1:56652
Begin MonoManager ReloadAssembly
Registering precompiled unity dll's ...
Register platform support module: C:/Program Files/Unity/Hub/Editor/2021.3.10f1/Editor/Data/PlaybackEngines/WebGLSupport/UnityEditor.WebGL.Extensions.dll
Register platform support module: C:/Program Files/Unity/Hub/Editor/2021.3.10f1/Editor/Data/PlaybackEngines/WindowsStandaloneSupport/UnityEditor.WindowsStandalone.Extensions.dll
Registered in 0.004103 seconds.
Native extension for WindowsStandalone target not found
Native extension for WebGL target not found
Refreshing native plugins compatible for Editor in 84.52 ms, found 4 plugins.
Preloading 0 native plugins for Editor in 0.00 ms.
Mono: successfully reloaded assembly
- Completed reload, in  0.541 seconds
Domain Reload Profiling:
	ReloadAssembly (541ms)
		BeginReloadAssembly (59ms)
			ExecutionOrderSort (0ms)
			DisableScriptedObjects (0ms)
			BackupInstance (0ms)
			ReleaseScriptingObjects (0ms)
			CreateAndSetChildDomain (1ms)
		EndReloadAssembly (395ms)
			LoadAssemblies (58ms)
			RebuildTransferFunctionScriptingTraits (0ms)
			SetupTypeCache (83ms)
			ReleaseScriptCaches (0ms)
			RebuildScriptCaches (27ms)
			SetupLoadedEditorAssemblies (246ms)
				LogAssemblyErrors (0ms)
				InitializePlatformSupportModulesInManaged (7ms)
				SetLoadedEditorAssemblies (0ms)
				RefreshPlugins (85ms)
				BeforeProcessingInitializeOnLoad (1ms)
				ProcessInitializeOnLoadAttributes (116ms)
				ProcessInitializeOnLoadMethodAttributes (37ms)
				AfterProcessingInitializeOnLoad (0ms)
				EditorAssembliesLoaded (0ms)
			ExecutionOrderSort2 (0ms)
			AwakeInstancesAfterBackupRestoration (0ms)
Platform modules already initialized, skipping
Registering precompiled user dll's ...
Registered in 0.005292 seconds.
Begin MonoManager ReloadAssembly
Symbol file LoadedFromMemory doesn't match image D:\UnityLearn\DeliveryDriver\Library\PackageCache\com.unity.visualscripting@1.7.8\Editor\VisualScripting.Core\Dependencies\YamlDotNet\Unity.VisualScripting.YamlDotNet.dll
Symbol file LoadedFromMemory doesn't match image D:\UnityLearn\DeliveryDriver\Library\PackageCache\com.unity.visualscripting@1.7.8\Editor\VisualScripting.Core\Dependencies\DotNetZip\Unity.VisualScripting.IonicZip.dll
Native extension for WindowsStandalone target not found
Native extension for WebGL target not found
Refreshing native plugins compatible for Editor in 84.95 ms, found 4 plugins.
Preloading 0 native plugins for Editor in 0.00 ms.
Mono: successfully reloaded assembly
- Completed reload, in  0.973 seconds
Domain Reload Profiling:
	ReloadAssembly (973ms)
		BeginReloadAssembly (100ms)
			ExecutionOrderSort (0ms)
			DisableScriptedObjects (5ms)
			BackupInstance (0ms)
			ReleaseScriptingObjects (0ms)
			CreateAndSetChildDomain (16ms)
		EndReloadAssembly (777ms)
			LoadAssemblies (75ms)
			RebuildTransferFunctionScriptingTraits (0ms)
			SetupTypeCache (206ms)
			ReleaseScriptCaches (1ms)
			RebuildScriptCaches (48ms)
			SetupLoadedEditorAssemblies (409ms)
				LogAssemblyErrors (0ms)
				InitializePlatformSupportModulesInManaged (4ms)
				SetLoadedEditorAssemblies (0ms)
				RefreshPlugins (85ms)
				BeforeProcessingInitializeOnLoad (88ms)
				ProcessInitializeOnLoadAttributes (190ms)
				ProcessInitializeOnLoadMethodAttributes (36ms)
				AfterProcessingInitializeOnLoad (5ms)
				EditorAssembliesLoaded (0ms)
			ExecutionOrderSort2 (0ms)
			AwakeInstancesAfterBackupRestoration (5ms)
Platform modules already initialized, skipping
========================================================================
Worker process is ready to serve import requests
Launched and connected shader compiler UnityShaderCompiler.exe after 0.03 seconds
Refreshing native plugins compatible for Editor in 0.72 ms, found 4 plugins.
Preloading 0 native plugins for Editor in 0.00 ms.
Unloading 4070 Unused Serialized files (Serialized files now loaded: 0)
Unloading 38 unused Assets / (56.1 KB). Loaded Objects now: 4526.
Memory consumption went from 151.3 MB to 151.3 MB.
Total: 2.962500 ms (FindLiveObjects: 0.303200 ms CreateObjectMapping: 0.103100 ms MarkObjects: 2.491400 ms  DeleteObjects: 0.063600 ms)

AssetImportParameters requested are different than current active one (requested -> active):
  custom:video-decoder-ogg-theora: a1e56fd34408186e4bbccfd4996cb3dc -> 
  custom:container-muxer-webm: aa71ff27fc2769a1b78a27578f13a17b -> 
  custom:container-demuxer-webm: 4f35f7cbe854078d1ac9338744f61a02 -> 
  custom:video-encoder-webm-vp8: eb34c28f22e8b96e1ab97ce403110664 -> 
  custom:audio-encoder-webm-vorbis: bf7c407c2cedff20999df2af8eb42d56 -> 
  custom:framework-win-MediaFoundation: 216162199b28c13a410421893ffa2e32 -> 
  custom:container-demuxer-ogg: 62fdf1f143b41e24485cea50d1cbac27 -> 
  custom:video-decoder-webm-vp8: 9c59270c3fd7afecdb556c50c9e8de78 -> 
  custom:audio-decoder-ogg-vorbis: bf7c407c2cedff20999df2af8eb42d56 -> 
========================================================================
Received Import Request.
  Time since last request: 20186.846534 seconds.
  path: Assets/Sprites/Road 1.png
  artifactKey: Guid(b7d11fd49841fdf4ca93688589ee11f8) Importer(815301076,1909f56bfc062723c751e8b465ee728b)
Start importing Assets/Sprites/Road 1.png using Guid(b7d11fd49841fdf4ca93688589ee11f8) Importer(815301076,1909f56bfc062723c751e8b465ee728b)  -> (artifact id: '7822d17636c0d056a7a3752fda7418e6') in 0.107932 seconds 
========================================================================
Received Import Request.
  Time since last request: 6.876288 seconds.
  path: Assets/Sprites/Road 1.png
  artifactKey: Guid(b7d11fd49841fdf4ca93688589ee11f8) Importer(815301076,1909f56bfc062723c751e8b465ee728b)
Start importing Assets/Sprites/Road 1.png using Guid(b7d11fd49841fdf4ca93688589ee11f8) Importer(815301076,1909f56bfc062723c751e8b465ee728b)  -> (artifact id: 'bd039f32eb79103689056a4ad1c5c953') in 0.016521 seconds 
========================================================================
Received Import Request.
  Time since last request: 14.407247 seconds.
  path: Assets/Sprites/Road 2.png
  artifactKey: Guid(645ae52c777126347bbc31bd5057134d) Importer(815301076,1909f56bfc062723c751e8b465ee728b)
Start importing Assets/Sprites/Road 2.png using Guid(645ae52c777126347bbc31bd5057134d) Importer(815301076,1909f56bfc062723c751e8b465ee728b)  -> (artifact id: '3325b47708fd55e97de94bd3d86ad6bd') in 0.028991 seconds 
========================================================================
Received Import Request.
  Time since last request: 4.867479 seconds.
  path: Assets/Sprites/Road 3.png
  artifactKey: Guid(0fd64eba19a3b3b4a8bedc4b626313c4) Importer(815301076,1909f56bfc062723c751e8b465ee728b)
Start importing Assets/Sprites/Road 3.png using Guid(0fd64eba19a3b3b4a8bedc4b626313c4) Importer(815301076,1909f56bfc062723c751e8b465ee728b)  -> (artifact id: '1857e259f6f6b880d21cce5472daf018') in 0.043673 seconds 
========================================================================
Received Import Request.
  Time since last request: 4.327575 seconds.
  path: Assets/Sprites/Road 4.png
  artifactKey: Guid(9ea0b6f6b22d0494aa4cb15f29daf37a) Importer(815301076,1909f56bfc062723c751e8b465ee728b)
Start importing Assets/Sprites/Road 4.png using Guid(9ea0b6f6b22d0494aa4cb15f29daf37a) Importer(815301076,1909f56bfc062723c751e8b465ee728b)  -> (artifact id: 'fcaf6eb047048170ef164a5588f75f30') in 0.040185 seconds 
========================================================================
Received Import Request.
  Time since last request: 12.563255 seconds.
  path: Assets/Sprites/Intersection 1.png
  artifactKey: Guid(e1b91e9b77d6d5a4b9fd83126ac42280) Importer(815301076,1909f56bfc062723c751e8b465ee728b)
Start importing Assets/Sprites/Intersection 1.png using Guid(e1b91e9b77d6d5a4b9fd83126ac42280) Importer(815301076,1909f56bfc062723c751e8b465ee728b)  -> (artifact id: '293a58004ecbab33afa6ade6ab1387e9') in 0.096987 seconds 
========================================================================
Received Import Request.
  Time since last request: 6.611539 seconds.
  path: Assets/Sprites/Intersection 2.png
  artifactKey: Guid(39c47ac219f13d640aaf014302afe0c8) Importer(815301076,1909f56bfc062723c751e8b465ee728b)
Start importing Assets/Sprites/Intersection 2.png using Guid(39c47ac219f13d640aaf014302afe0c8) Importer(815301076,1909f56bfc062723c751e8b465ee728b)  -> (artifact id: '86c1e8ad4463c44ba749b754a1ffe721') in 0.168929 seconds 
========================================================================
Received Import Request.
  Time since last request: 8.026252 seconds.
  path: Assets/Sprites/Corner 1.png
  artifactKey: Guid(78bff7063b91ff14bb740cab4e613881) Importer(815301076,1909f56bfc062723c751e8b465ee728b)
Start importing Assets/Sprites/Corner 1.png using Guid(78bff7063b91ff14bb740cab4e613881) Importer(815301076,1909f56bfc062723c751e8b465ee728b)  -> (artifact id: 'efe2e9e55df1a71fce58029f3bd33ed0') in 0.083097 seconds 
========================================================================
Received Import Request.
  Time since last request: 5.205039 seconds.
  path: Assets/Sprites/Corner 2.png
  artifactKey: Guid(f80beb4728d5bde4fbaed8d928c28966) Importer(815301076,1909f56bfc062723c751e8b465ee728b)
Start importing Assets/Sprites/Corner 2.png using Guid(f80beb4728d5bde4fbaed8d928c28966) Importer(815301076,1909f56bfc062723c751e8b465ee728b)  -> (artifact id: '8acb1a2ac35964acb54b48f4fde1d400') in 0.038331 seconds 
========================================================================
Received Import Request.
  Time since last request: 12.832493 seconds.
  path: Assets/Sprites/Corner 3.png
  artifactKey: Guid(c5842215f60dda1408db9d25281d3acb) Importer(815301076,1909f56bfc062723c751e8b465ee728b)
Start importing Assets/Sprites/Corner 3.png using Guid(c5842215f60dda1408db9d25281d3acb) Importer(815301076,1909f56bfc062723c751e8b465ee728b)  -> (artifact id: 'd51f00ca8c3dcefb3e765783aa7c36bc') in 0.031167 seconds 
========================================================================
Received Import Request.
  Time since last request: 0.000030 seconds.
  path: Assets/Sprites/Curve 2.png
  artifactKey: Guid(d4be6083dea15da44bfa3fcf72327e15) Importer(815301076,1909f56bfc062723c751e8b465ee728b)
Start importing Assets/Sprites/Curve 2.png using Guid(d4be6083dea15da44bfa3fcf72327e15) Importer(815301076,1909f56bfc062723c751e8b465ee728b)  -> (artifact id: '5e7095c1ef65b106581996740a7257e0') in 0.083449 seconds 
========================================================================
Received Import Request.
  Time since last request: 0.000020 seconds.
  path: Assets/Sprites/Curve 1.png
  artifactKey: Guid(a4e3a7707a7cbfe48a17fb697a761033) Importer(815301076,1909f56bfc062723c751e8b465ee728b)
Start importing Assets/Sprites/Curve 1.png using Guid(a4e3a7707a7cbfe48a17fb697a761033) Importer(815301076,1909f56bfc062723c751e8b465ee728b)  -> (artifact id: '0ecbe726b415f4bea30fb3626cd742ff') in 0.064878 seconds 
========================================================================
Received Import Request.
  Time since last request: 14.778410 seconds.
  path: Assets/Sprites/House 1.png
  artifactKey: Guid(d45641eebdfbb9246bfdbe8c432d862b) Importer(815301076,1909f56bfc062723c751e8b465ee728b)
Start importing Assets/Sprites/House 1.png using Guid(d45641eebdfbb9246bfdbe8c432d862b) Importer(815301076,1909f56bfc062723c751e8b465ee728b)  -> (artifact id: '7a5b9b4705498176c8118c9f84da67ba') in 0.016001 seconds 
========================================================================
Received Import Request.
  Time since last request: 6.711655 seconds.
  path: Assets/Sprites/House 1.png
  artifactKey: Guid(d45641eebdfbb9246bfdbe8c432d862b) Importer(815301076,1909f56bfc062723c751e8b465ee728b)
Start importing Assets/Sprites/House 1.png using Guid(d45641eebdfbb9246bfdbe8c432d862b) Importer(815301076,1909f56bfc062723c751e8b465ee728b)  -> (artifact id: 'aa7698cdb5556dc5e9ecc4c34792f6c7') in 0.013916 seconds 
========================================================================
Received Import Request.
  Time since last request: 13.964553 seconds.
  path: Assets/Sprites/House 1.png
  artifactKey: Guid(d45641eebdfbb9246bfdbe8c432d862b) Importer(815301076,1909f56bfc062723c751e8b465ee728b)
Start importing Assets/Sprites/House 1.png using Guid(d45641eebdfbb9246bfdbe8c432d862b) Importer(815301076,1909f56bfc062723c751e8b465ee728b)  -> (artifact id: '7349db51b3f9fdbe5b48bf724725eaa6') in 0.013308 seconds 
========================================================================
Received Import Request.
  Time since last request: 10.863391 seconds.
  path: Assets/Sprites/House 1.png
  artifactKey: Guid(d45641eebdfbb9246bfdbe8c432d862b) Importer(815301076,1909f56bfc062723c751e8b465ee728b)
Start importing Assets/Sprites/House 1.png using Guid(d45641eebdfbb9246bfdbe8c432d862b) Importer(815301076,1909f56bfc062723c751e8b465ee728b)  -> (artifact id: '3b44d21f0363b75779cab2b353e2a919') in 0.013518 seconds 
========================================================================
Received Import Request.
  Time since last request: 9.529020 seconds.
  path: Assets/Sprites/House 2.png
  artifactKey: Guid(486b2f2df3ae932418d823d902e1c2ff) Importer(815301076,1909f56bfc062723c751e8b465ee728b)
Start importing Assets/Sprites/House 2.png using Guid(486b2f2df3ae932418d823d902e1c2ff) Importer(815301076,1909f56bfc062723c751e8b465ee728b)  -> (artifact id: 'a3847cc5fb1ce0897975c556d52f82bb') in 0.016918 seconds 
========================================================================
Received Import Request.
  Time since last request: 15.195867 seconds.
  path: Assets/Sprites/House 3.png
  artifactKey: Guid(c21e0e5a33546a54cb81acb314e711a2) Importer(815301076,1909f56bfc062723c751e8b465ee728b)
Start importing Assets/Sprites/House 3.png using Guid(c21e0e5a33546a54cb81acb314e711a2) Importer(815301076,1909f56bfc062723c751e8b465ee728b)  -> (artifact id: '8d5867fe80e46ecfd15632c407ea80db') in 0.010979 seconds 
========================================================================
Received Import Request.
  Time since last request: 6.943098 seconds.
  path: Assets/Sprites/House 2.png
  artifactKey: Guid(486b2f2df3ae932418d823d902e1c2ff) Importer(815301076,1909f56bfc062723c751e8b465ee728b)
Start importing Assets/Sprites/House 2.png using Guid(486b2f2df3ae932418d823d902e1c2ff) Importer(815301076,1909f56bfc062723c751e8b465ee728b)  -> (artifact id: 'acb920bda7e229303728fffd730b44c5') in 0.010527 seconds 
========================================================================
Received Import Request.
  Time since last request: 7.096290 seconds.
  path: Assets/Sprites/House 1.png
  artifactKey: Guid(d45641eebdfbb9246bfdbe8c432d862b) Importer(815301076,1909f56bfc062723c751e8b465ee728b)
Start importing Assets/Sprites/House 1.png using Guid(d45641eebdfbb9246bfdbe8c432d862b) Importer(815301076,1909f56bfc062723c751e8b465ee728b)  -> (artifact id: 'a06e07fdf5fb44810023dba100461d21') in 0.013474 seconds 
========================================================================
Received Import Request.
  Time since last request: 47.113640 seconds.
  path: Assets/Sprites/Bridge.png
  artifactKey: Guid(34171bbc5d79b914db757f97b7933185) Importer(815301076,1909f56bfc062723c751e8b465ee728b)
Start importing Assets/Sprites/Bridge.png using Guid(34171bbc5d79b914db757f97b7933185) Importer(815301076,1909f56bfc062723c751e8b465ee728b)  -> (artifact id: 'd2b16df1dbf2d8865ec729405be96459') in 0.093212 seconds 
========================================================================
Received Import Request.
  Time since last request: 0.000028 seconds.
  path: Assets/Sprites/Road 1.png
  artifactKey: Guid(b7d11fd49841fdf4ca93688589ee11f8) Importer(815301076,1909f56bfc062723c751e8b465ee728b)
Start importing Assets/Sprites/Road 1.png using Guid(b7d11fd49841fdf4ca93688589ee11f8) Importer(815301076,1909f56bfc062723c751e8b465ee728b)  -> (artifact id: 'ceb17f88f6f41c6312a41c9b53031ff2') in 0.018591 seconds 
========================================================================
Received Import Request.
  Time since last request: 0.000029 seconds.
  path: Assets/Sprites/Road 2.png
  artifactKey: Guid(645ae52c777126347bbc31bd5057134d) Importer(815301076,1909f56bfc062723c751e8b465ee728b)
Start importing Assets/Sprites/Road 2.png using Guid(645ae52c777126347bbc31bd5057134d) Importer(815301076,1909f56bfc062723c751e8b465ee728b)  -> (artifact id: '94e077666cfa9811348cf8a29e25d030') in 0.028803 seconds 
========================================================================
Received Import Request.
  Time since last request: 0.000023 seconds.
  path: Assets/Sprites/Road 3.png
  artifactKey: Guid(0fd64eba19a3b3b4a8bedc4b626313c4) Importer(815301076,1909f56bfc062723c751e8b465ee728b)
Start importing Assets/Sprites/Road 3.png using Guid(0fd64eba19a3b3b4a8bedc4b626313c4) Importer(815301076,1909f56bfc062723c751e8b465ee728b)  -> (artifact id: '7dc86a927586b10b590ef0120e0aa5c9') in 0.041881 seconds 
========================================================================
Received Import Request.
  Time since last request: 0.000017 seconds.
  path: Assets/Sprites/Corner 2.png
  artifactKey: Guid(f80beb4728d5bde4fbaed8d928c28966) Importer(815301076,1909f56bfc062723c751e8b465ee728b)
Start importing Assets/Sprites/Corner 2.png using Guid(f80beb4728d5bde4fbaed8d928c28966) Importer(815301076,1909f56bfc062723c751e8b465ee728b)  -> (artifact id: '1e8d3a2be2b2efe1f098978794d76f2d') in 0.040219 seconds 
========================================================================
Received Import Request.
  Time since last request: 0.000018 seconds.
  path: Assets/Sprites/Corner 3.png
  artifactKey: Guid(c5842215f60dda1408db9d25281d3acb) Importer(815301076,1909f56bfc062723c751e8b465ee728b)
Start importing Assets/Sprites/Corner 3.png using Guid(c5842215f60dda1408db9d25281d3acb) Importer(815301076,1909f56bfc062723c751e8b465ee728b)  -> (artifact id: 'ddfb65ab68cfe63ee60cadbb119dc03d') in 0.025208 seconds 
========================================================================
Received Import Request.
  Time since last request: 0.000018 seconds.
  path: Assets/Sprites/Corner 4.png
  artifactKey: Guid(b15394c80b6c0d34f8dd6685b2c03730) Importer(815301076,1909f56bfc062723c751e8b465ee728b)
Start importing Assets/Sprites/Corner 4.png using Guid(b15394c80b6c0d34f8dd6685b2c03730) Importer(815301076,1909f56bfc062723c751e8b465ee728b)  -> (artifact id: '47f5acadfd62e0e7900c5183884171d2') in 0.060731 seconds 
========================================================================
Received Import Request.
  Time since last request: 0.000026 seconds.
  path: Assets/Sprites/Intersection 2.png
  artifactKey: Guid(39c47ac219f13d640aaf014302afe0c8) Importer(815301076,1909f56bfc062723c751e8b465ee728b)
Start importing Assets/Sprites/Intersection 2.png using Guid(39c47ac219f13d640aaf014302afe0c8) Importer(815301076,1909f56bfc062723c751e8b465ee728b)  -> (artifact id: 'da67eda1d03f014e3ff35749d8e9976a') in 0.164518 seconds 
========================================================================
Received Import Request.
  Time since last request: 40.016078 seconds.
  path: Assets/Sprites/Tree 2.png
  artifactKey: Guid(80985c8d470173842b09f16932808592) Importer(815301076,1909f56bfc062723c751e8b465ee728b)
Start importing Assets/Sprites/Tree 2.png using Guid(80985c8d470173842b09f16932808592) Importer(815301076,1909f56bfc062723c751e8b465ee728b)  -> (artifact id: '41a30b0bc0d25690d1929c51e8e1facd') in 0.017627 seconds 
========================================================================
Received Import Request.
  Time since last request: 7.561872 seconds.
  path: Assets/Sprites/Tree 2.png
  artifactKey: Guid(80985c8d470173842b09f16932808592) Importer(815301076,1909f56bfc062723c751e8b465ee728b)
Start importing Assets/Sprites/Tree 2.png using Guid(80985c8d470173842b09f16932808592) Importer(815301076,1909f56bfc062723c751e8b465ee728b)  -> (artifact id: '1af42b8c6ef9e535c4034aaa65e59956') in 0.015686 seconds 
Editor requested this worker to shutdown with reason: Scaling down because of idle timeout
AssetImportWorker is now disconnected from the server
Process exiting
Exiting without the bug reporter. Application will terminate with return code 0